Arguments: 
  /Users/kblomqui/.nvm/versions/node/v10.12.0/bin/node /Users/kblomqui/.yarn/bin/yarn.js add @simple-dom

PATH: 
  /Users/kblomqui/.yarn/bin:/Users/kblomqui/.config/yarn/global/node_modules/.bin:/Users/kblomqui/.nvm/versions/node/v10.12.0/bin:/usr/local/linkedin/bin:/usr/local/bin:/usr/bin:/bin:/usr/sbin:/sbin:/usr/local/linkedin/bin:/opt/X11/bin:/export/content/linkedin/bin

Yarn version: 
  1.13.0

Node version: 
  10.12.0

Platform: 
  darwin x64

Trace: 
  Error: https://registry.yarnpkg.com/@simple-dom: Request "https://registry.yarnpkg.com/@simple-dom" returned a 405
      at Request.params.callback [as _callback] (/Users/kblomqui/.yarn/lib/cli.js:66264:18)
      at Request.self.callback (/Users/kblomqui/.yarn/lib/cli.js:129397:22)
      at Request.emit (events.js:182:13)
      at Request.<anonymous> (/Users/kblomqui/.yarn/lib/cli.js:130369:10)
      at Request.emit (events.js:182:13)
      at IncomingMessage.<anonymous> (/Users/kblomqui/.yarn/lib/cli.js:130291:12)
      at Object.onceWrapper (events.js:273:13)
      at IncomingMessage.emit (events.js:187:15)
      at endReadableNT (_stream_readable.js:1094:12)
      at process._tickCallback (internal/process/next_tick.js:63:19)

npm manifest: 
  {
    "name": "glimmerTest",
    "version": "1.0.0",
    "description": "Nani?!?",
    "main": "index.js",
    "author": "Kyle",
    "license": "MIT",
    "dependencies": {
      "@glimmer/opcode-compiler": "^0.38.0",
      "@glimmer/program": "^0.38.0",
      "@glimmer/vm": "^0.38.0"
    }
  }

yarn manifest: 
  No manifest

Lockfile: 
  # THIS IS AN AUTOGENERATED FILE. DO NOT EDIT THIS FILE DIRECTLY.
  # yarn lockfile v1
  
  
  "@glimmer/encoder@^0.38.0":
    version "0.38.0"
    resolved "https://registry.yarnpkg.com/@glimmer/encoder/-/encoder-0.38.0.tgz#6b7f1cac995c0f38c098feba0c33c52f228ad052"
    integrity sha512-Kv8F8kDPvsWfKfgKl7X+ZkTqsbBFFjZGTuTrqwvemhdMPDe4cWHfKNB5wZxzImdWJf7ZD4E4Vxoj42mwnTlT7g==
    dependencies:
      "@glimmer/interfaces" "^0.38.0"
      "@glimmer/vm" "^0.38.0"
  
  "@glimmer/interfaces@^0.38.0":
    version "0.38.0"
    resolved "https://registry.yarnpkg.com/@glimmer/interfaces/-/interfaces-0.38.0.tgz#dea320d1c0b5bd210e4d1119da081993ce766171"
    integrity sha512-5/STOfFFg7+4Plr2AhJfhMqOmtGv9k6YvQFEavM1+7UwlHyz+WCOQL+11t3ov4Ngn8X4apkq21gPblhsMdp/Nw==
    dependencies:
      "@glimmer/wire-format" "^0.38.0"
      "@simple-dom/interface" "1.4.0"
  
  "@glimmer/opcode-compiler@^0.38.0":
    version "0.38.0"
    resolved "https://registry.yarnpkg.com/@glimmer/opcode-compiler/-/opcode-compiler-0.38.0.tgz#7537545fd19b23027aef351a171df1351b331105"
    integrity sha512-ya2aSKDAQSbfzM+MlxscyJNG30nOaohXctt9aCY5PL102b+gYAuCobeAkmkp3xLSaW4r742J4/LgnFJ3uV2omw==
    dependencies:
      "@glimmer/encoder" "^0.38.0"
      "@glimmer/interfaces" "^0.38.0"
      "@glimmer/program" "^0.38.0"
      "@glimmer/reference" "^0.38.0"
      "@glimmer/util" "^0.38.0"
      "@glimmer/vm" "^0.38.0"
      "@glimmer/wire-format" "^0.38.0"
  
  "@glimmer/program@^0.38.0":
    version "0.38.0"
    resolved "https://registry.yarnpkg.com/@glimmer/program/-/program-0.38.0.tgz#cc04595f1545495c59b268ce026aa6de78bb87da"
    integrity sha512-rWPudbPlPmlCizfxcO1mgTSWkLojmZnAjyURL2f8Kq1caLHFSPfUOIIPe0Mz54n5tsJYtFWN7saU67Qiqv2wKw==
    dependencies:
      "@glimmer/encoder" "^0.38.0"
      "@glimmer/interfaces" "^0.38.0"
      "@glimmer/util" "^0.38.0"
  
  "@glimmer/reference@^0.38.0":
    version "0.38.0"
    resolved "https://registry.yarnpkg.com/@glimmer/reference/-/reference-0.38.0.tgz#46f124c93b3522bc755d6dfc3366219a0322b5d5"
    integrity sha512-kGQ9ZbBcZc3QH6UMIFt1SjasaBf2axdKXtKMZ0Ye2i3iCdPoGWNqYt6IHq5afiKkfX3U6toh+FxthjxXEoxOHQ==
    dependencies:
      "@glimmer/util" "^0.38.0"
  
  "@glimmer/util@^0.38.0":
    version "0.38.0"
    resolved "https://registry.yarnpkg.com/@glimmer/util/-/util-0.38.0.tgz#c4b6817df8900ab29c4e26768b81315255d76b60"
    integrity sha512-QIyh79A9soXVnamYJlGX6Be5NtBUQEIb8NrIk1JCrI7WTjJ/Z6tfXkhb4kRXjbxh2KMvEfOlBjjHZm1FLeOB/g==
  
  "@glimmer/vm@^0.38.0":
    version "0.38.0"
    resolved "https://registry.yarnpkg.com/@glimmer/vm/-/vm-0.38.0.tgz#6806bfa479e084bb32ead280edccb3b46db5b4c5"
    integrity sha512-XlO+Qe9enLbXJpj1hwrHARq6fYUWvqKAN+3mYdctoc/5AsnnpW2J4/9R5ZVFcSmTkuR0CRPkNFvq28uHFZutqA==
    dependencies:
      "@glimmer/interfaces" "^0.38.0"
      "@glimmer/util" "^0.38.0"
  
  "@glimmer/wire-format@^0.38.0":
    version "0.38.0"
    resolved "https://registry.yarnpkg.com/@glimmer/wire-format/-/wire-format-0.38.0.tgz#db77a9b4867c84fd0fec7490ed0e481df769c47a"
    integrity sha512-sxNpQ2V0q2rKuJA+ScJTyc0din/7yF+V6CD9F/BBmeP8Cah+SdHpziMIhvT8gwJCMj/ySUTWSy7l/yGSLObiVA==
    dependencies:
      "@glimmer/util" "^0.38.0"
  
  "@simple-dom/interface@1.4.0":
    version "1.4.0"
    resolved "https://registry.yarnpkg.com/@simple-dom/interface/-/interface-1.4.0.tgz#e8feea579232017f89b0138e2726facda6fbb71f"
    integrity sha512-l5qumKFWU0S+4ZzMaLXFU8tQZsicHEMEyAxI5kDFGhJsRqDwe0a7/iPA/GdxlGyDKseQQAgIz5kzU7eXTrlSpA==
